<?xml version="1.0" encoding="UTF-8"?>
<!-- Generated by org.testng.reporters.JUnitReportReporter -->
<testsuite skipped="0" hostname="DESKTOP-QAMIQP5" name="AutoItDemo.SimplepgAutoit" tests="1" failures="0" timestamp="09 Feb 2020 03:03:05 GMT" time="12.375" errors="0">
  <testcase name="testautoit" time="12.375" classname="AutoItDemo.SimplepgAutoit"/>
</testsuite> <!-- AutoItDemo.SimplepgAutoit -->
