<?xml version="1.0" encoding="UTF-8"?>
<!-- Generated by org.testng.reporters.JUnitReportReporter -->
<testsuite skipped="0" hostname="DESKTOP-QAMIQP5" name="RegressionTestCase.Regression" tests="1" failures="0" timestamp="10 Feb 2020 14:43:07 GMT" time="25.682" errors="0">
  <testcase name="tc_01" time="25.682" classname="RegressionTestCase.Regression"/>
</testsuite> <!-- RegressionTestCase.Regression -->
